<?xml version="1.0" encoding="UTF-8"?>
<coverage generated="1558114695525" clover="3.2.0">
  <project timestamp="1558114695525" name="All files">
    <metrics statements="20" coveredstatements="20" conditionals="6" coveredconditionals="6" methods="5" coveredmethods="5" elements="31" coveredelements="31" complexity="0" loc="20" ncloc="20" packages="2" files="2" classes="2">
      <package name="api">
        <metrics statements="16" coveredstatements="16" conditionals="6" coveredconditionals="6" methods="3" coveredmethods="3"/>
        <file name="server.js" path="/Users/steve/Documents/LambdaProjects/sprints/week14/Sprint-Challenge--Testing/api/server.js">
          <metrics statements="16" coveredstatements="16" conditionals="6" coveredconditionals="6" methods="3" coveredmethods="3"/>
          <line num="1" count="1" type="stmt"/>
          <line num="2" count="1" type="stmt"/>
          <line num="3" count="1" type="stmt"/>
          <line num="5" count="1" type="stmt"/>
          <line num="7" count="1" type="stmt"/>
          <line num="8" count="3" type="stmt"/>
          <line num="11" count="1" type="stmt"/>
          <line num="12" count="3" type="stmt"/>
          <line num="13" count="3" type="cond" truecount="2" falsecount="0"/>
          <line num="19" count="1" type="stmt"/>
          <line num="21" count="3" type="stmt"/>
          <line num="22" count="3" type="stmt"/>
          <line num="25" count="1" type="stmt"/>
          <line num="26" count="3" type="stmt"/>
          <line num="27" count="3" type="stmt"/>
          <line num="29" count="1" type="stmt"/>
        </file>
      </package>
      <package name="data">
        <metrics statements="4" coveredstatements="4" conditionals="0" coveredconditionals="0" methods="2" coveredmethods="2"/>
        <file name="gamesDb.js" path="/Users/steve/Documents/LambdaProjects/sprints/week14/Sprint-Challenge--Testing/data/gamesDb.js">
          <metrics statements="4" coveredstatements="4" conditionals="0" coveredconditionals="0" methods="2" coveredmethods="2"/>
          <line num="1" count="1" type="stmt"/>
          <line num="3" count="1" type="stmt"/>
          <line num="9" count="3" type="stmt"/>
          <line num="13" count="3" type="stmt"/>
        </file>
      </package>
    </metrics>
  </project>
</coverage>
