{"/Users/steve/Documents/LambdaProjects/sprints/week14/Sprint-Challenge--Testing/api/server.js": {"path":"/Users/steve/Documents/LambdaProjects/sprints/week14/Sprint-Challenge--Testing/api/server.js","statementMap":{"0":{"start":{"line":1,"column":16},"end":{"line":1,"column":34}},"1":{"start":{"line":2,"column":15},"end":{"line":2,"column":24}},"2":{"start":{"line":3,"column":11},"end":{"line":3,"column":37}},"3":{"start":{"line":5,"column":0},"end":{"line":5,"column":27}},"4":{"start":{"line":7,"column":0},"end":{"line":9,"column":3}},"5":{"start":{"line":8,"column":2},"end":{"line":8,"column":41}},"6":{"start":{"line":11,"column":0},"end":{"line":23,"column":3}},"7":{"start":{"line":12,"column":15},"end":{"line":12,"column":23}},"8":{"start":{"line":13,"column":2},"end":{"line":20,"column":3}},"9":{"start":{"line":19,"column":4},"end":{"line":19,"column":72}},"10":{"start":{"line":21,"column":2},"end":{"line":21,"column":19}},"11":{"start":{"line":22,"column":2},"end":{"line":22,"column":46}},"12":{"start":{"line":25,"column":0},"end":{"line":28,"column":3}},"13":{"start":{"line":26,"column":16},"end":{"line":26,"column":29}},"14":{"start":{"line":27,"column":2},"end":{"line":27,"column":34}},"15":{"start":{"line":29,"column":0},"end":{"line":29,"column":24}}},"fnMap":{"0":{"name":"(anonymous_0)","decl":{"start":{"line":7,"column":16},"end":{"line":7,"column":17}},"loc":{"start":{"line":7,"column":30},"end":{"line":9,"column":1}},"line":7},"1":{"name":"(anonymous_1)","decl":{"start":{"line":11,"column":22},"end":{"line":11,"column":23}},"loc":{"start":{"line":11,"column":36},"end":{"line":23,"column":1}},"line":11},"2":{"name":"(anonymous_2)","decl":{"start":{"line":25,"column":21},"end":{"line":25,"column":22}},"loc":{"start":{"line":25,"column":35},"end":{"line":28,"column":1}},"line":25}},"branchMap":{"0":{"loc":{"start":{"line":13,"column":2},"end":{"line":20,"column":3}},"type":"if","locations":[{"start":{"line":13,"column":2},"end":{"line":20,"column":3}},{"start":{"line":13,"column":2},"end":{"line":20,"column":3}}],"line":13},"1":{"loc":{"start":{"line":14,"column":4},"end":{"line":17,"column":21}},"type":"binary-expr","locations":[{"start":{"line":14,"column":4},"end":{"line":14,"column":23}},{"start":{"line":15,"column":4},"end":{"line":15,"column":21}},{"start":{"line":16,"column":4},"end":{"line":16,"column":23}},{"start":{"line":17,"column":4},"end":{"line":17,"column":21}}],"line":14}},"s":{"0":1,"1":1,"2":1,"3":1,"4":1,"5":3,"6":1,"7":3,"8":3,"9":1,"10":3,"11":3,"12":1,"13":3,"14":3,"15":1},"f":{"0":3,"1":3,"2":3},"b":{"0":[1,2],"1":[3,3,2,2]},"_coverageSchema":"332fd63041d2c1bcb487cc26dd0d5f7d97098a6c","hash":"d3b4cceb12ebbb1fd5fa4d5cc3cf8dcfc9ccdff2"}
,"/Users/steve/Documents/LambdaProjects/sprints/week14/Sprint-Challenge--Testing/data/gamesDb.js": {"path":"/Users/steve/Documents/LambdaProjects/sprints/week14/Sprint-Challenge--Testing/data/gamesDb.js","statementMap":{"0":{"start":{"line":1,"column":12},"end":{"line":1,"column":14}},"1":{"start":{"line":3,"column":0},"end":{"line":6,"column":2}},"2":{"start":{"line":9,"column":2},"end":{"line":9,"column":36}},"3":{"start":{"line":13,"column":2},"end":{"line":13,"column":15}}},"fnMap":{"0":{"name":"addGame","decl":{"start":{"line":8,"column":9},"end":{"line":8,"column":16}},"loc":{"start":{"line":8,"column":23},"end":{"line":10,"column":1}},"line":8},"1":{"name":"getGames","decl":{"start":{"line":12,"column":9},"end":{"line":12,"column":17}},"loc":{"start":{"line":12,"column":20},"end":{"line":14,"column":1}},"line":12}},"branchMap":{},"s":{"0":1,"1":1,"2":3,"3":3},"f":{"0":3,"1":3},"b":{},"_coverageSchema":"332fd63041d2c1bcb487cc26dd0d5f7d97098a6c","hash":"0834712e017855ad7ec41ea111bd6fb79e9a2e03"}
}
