TN:
SF:/Users/steve/Documents/LambdaProjects/sprints/week14/Sprint-Challenge--Testing/api/server.js
FN:7,(anonymous_0)
FN:11,(anonymous_1)
FN:25,(anonymous_2)
FNF:3
FNH:3
FNDA:3,(anonymous_0)
FNDA:3,(anonymous_1)
FNDA:3,(anonymous_2)
DA:1,1
DA:2,1
DA:3,1
DA:5,1
DA:7,1
DA:8,3
DA:11,1
DA:12,3
DA:13,3
DA:19,1
DA:21,3
DA:22,3
DA:25,1
DA:26,3
DA:27,3
DA:29,1
LF:16
LH:16
BRDA:13,0,0,1
BRDA:13,0,1,2
BRDA:14,1,0,3
BRDA:14,1,1,3
BRDA:14,1,2,2
BRDA:14,1,3,2
BRF:6
BRH:6
end_of_record
TN:
SF:/Users/steve/Documents/LambdaProjects/sprints/week14/Sprint-Challenge--Testing/data/gamesDb.js
FN:8,addGame
FN:12,getGames
FNF:2
FNH:2
FNDA:3,addGame
FNDA:3,getGames
DA:1,1
DA:3,1
DA:9,3
DA:13,3
LF:4
LH:4
BRF:0
BRH:0
end_of_record
